<?xml version="1.0" encoding="UTF-8"?>
<testng-results ignored="0" total="16" passed="16" failed="0" skipped="0">
  <reporter-output>
  </reporter-output>
  <suite started-at="2020-03-24T14:17:32Z" name="PersonnelSuite" finished-at="2020-03-24T14:17:37Z" duration-ms="5225">
    <groups>
    </groups>
    <test started-at="2020-03-24T14:17:32Z" name="PersonnelTest" finished-at="2020-03-24T14:17:37Z" duration-ms="5225">
      <class name="test.PositionTypeTest">
        <test-method is-config="true" signature="setupSession()[pri:0, instance:test.PositionTypeTest@26a7b76d]" started-at="2020-03-24T14:17:36Z" name="setupSession" finished-at="2020-03-24T14:17:36Z" duration-ms="273" status="PASS">
          <reporter-output>
          </reporter-output>
        </test-method> <!-- setupSession -->
        <test-method is-config="true" signature="setDAO()[pri:0, instance:test.PositionTypeTest@26a7b76d]" started-at="2020-03-24T14:17:36Z" name="setDAO" finished-at="2020-03-24T14:17:36Z" depends-on-methods="test.GenericTest.setupSession" duration-ms="1" status="PASS">
          <reporter-output>
          </reporter-output>
        </test-method> <!-- setDAO -->
        <test-method signature="getPositionType()[pri:0, instance:test.PositionTypeTest@26a7b76d]" started-at="2020-03-24T14:17:36Z" name="getPositionType" finished-at="2020-03-24T14:17:36Z" duration-ms="11" status="PASS">
          <reporter-output>
          </reporter-output>
        </test-method> <!-- getPositionType -->
        <test-method signature="addPositionType()[pri:0, instance:test.PositionTypeTest@26a7b76d]" started-at="2020-03-24T14:17:36Z" name="addPositionType" finished-at="2020-03-24T14:17:36Z" depends-on-methods="test.PositionTypeTest.getPositionType" duration-ms="34" status="PASS">
          <reporter-output>
          </reporter-output>
        </test-method> <!-- addPositionType -->
        <test-method signature="updatePositionType()[pri:0, instance:test.PositionTypeTest@26a7b76d]" started-at="2020-03-24T14:17:36Z" name="updatePositionType" finished-at="2020-03-24T14:17:36Z" depends-on-methods="test.PositionTypeTest.addPositionType" duration-ms="34" status="PASS">
          <reporter-output>
          </reporter-output>
        </test-method> <!-- updatePositionType -->
        <test-method signature="deletePositionType()[pri:0, instance:test.PositionTypeTest@26a7b76d]" started-at="2020-03-24T14:17:36Z" name="deletePositionType" finished-at="2020-03-24T14:17:37Z" depends-on-methods="test.PositionTypeTest.updatePositionType" duration-ms="22" status="PASS">
          <reporter-output>
          </reporter-output>
        </test-method> <!-- deletePositionType -->
        <test-method is-config="true" signature="closeSession()[pri:0, instance:test.PositionTypeTest@26a7b76d]" started-at="2020-03-24T14:17:37Z" name="closeSession" finished-at="2020-03-24T14:17:37Z" duration-ms="2" status="PASS">
          <reporter-output>
          </reporter-output>
        </test-method> <!-- closeSession -->
      </class> <!-- test.PositionTypeTest -->
      <class name="test.WorkerTest">
        <test-method is-config="true" signature="setupSession()[pri:0, instance:test.WorkerTest@7a9273a8]" started-at="2020-03-24T14:17:32Z" name="setupSession" finished-at="2020-03-24T14:17:36Z" duration-ms="3467" status="PASS">
          <reporter-output>
          </reporter-output>
        </test-method> <!-- setupSession -->
        <test-method is-config="true" signature="setDAO()[pri:0, instance:test.WorkerTest@7a9273a8]" started-at="2020-03-24T14:17:36Z" name="setDAO" finished-at="2020-03-24T14:17:36Z" depends-on-methods="test.GenericTest.setupSession" duration-ms="3" status="PASS">
          <reporter-output>
          </reporter-output>
        </test-method> <!-- setDAO -->
        <test-method signature="getWorker()[pri:0, instance:test.WorkerTest@7a9273a8]" started-at="2020-03-24T14:17:36Z" name="getWorker" finished-at="2020-03-24T14:17:36Z" duration-ms="383" status="PASS">
          <reporter-output>
          </reporter-output>
        </test-method> <!-- getWorker -->
        <test-method signature="addWorker()[pri:0, instance:test.WorkerTest@7a9273a8]" started-at="2020-03-24T14:17:36Z" name="addWorker" finished-at="2020-03-24T14:17:36Z" depends-on-methods="test.WorkerTest.getWorker" duration-ms="37" status="PASS">
          <reporter-output>
          </reporter-output>
        </test-method> <!-- addWorker -->
        <test-method signature="updateWorker()[pri:0, instance:test.WorkerTest@7a9273a8]" started-at="2020-03-24T14:17:36Z" name="updateWorker" finished-at="2020-03-24T14:17:36Z" depends-on-methods="test.WorkerTest.addWorker" duration-ms="83" status="PASS">
          <reporter-output>
          </reporter-output>
        </test-method> <!-- updateWorker -->
        <test-method signature="deleteWorker()[pri:0, instance:test.WorkerTest@7a9273a8]" started-at="2020-03-24T14:17:36Z" name="deleteWorker" finished-at="2020-03-24T14:17:36Z" depends-on-methods="test.WorkerTest.updateWorker" duration-ms="44" status="PASS">
          <reporter-output>
          </reporter-output>
        </test-method> <!-- deleteWorker -->
        <test-method is-config="true" signature="closeSession()[pri:0, instance:test.WorkerTest@7a9273a8]" started-at="2020-03-24T14:17:36Z" name="closeSession" finished-at="2020-03-24T14:17:36Z" duration-ms="4" status="PASS">
          <reporter-output>
          </reporter-output>
        </test-method> <!-- closeSession -->
      </class> <!-- test.WorkerTest -->
      <class name="test.WorkPositionTest">
        <test-method is-config="true" signature="setupSession()[pri:0, instance:test.WorkPositionTest@7ce6a65d]" started-at="2020-03-24T14:17:37Z" name="setupSession" finished-at="2020-03-24T14:17:37Z" duration-ms="231" status="PASS">
          <reporter-output>
          </reporter-output>
        </test-method> <!-- setupSession -->
        <test-method is-config="true" signature="setDAO()[pri:0, instance:test.WorkPositionTest@7ce6a65d]" started-at="2020-03-24T14:17:37Z" name="setDAO" finished-at="2020-03-24T14:17:37Z" depends-on-methods="test.GenericTest.setupSession" duration-ms="1" status="PASS">
          <reporter-output>
          </reporter-output>
        </test-method> <!-- setDAO -->
        <test-method signature="getWorkPosition()[pri:0, instance:test.WorkPositionTest@7ce6a65d]" started-at="2020-03-24T14:17:37Z" name="getWorkPosition" finished-at="2020-03-24T14:17:37Z" duration-ms="60" status="PASS">
          <reporter-output>
          </reporter-output>
        </test-method> <!-- getWorkPosition -->
        <test-method signature="addWorkPosition()[pri:0, instance:test.WorkPositionTest@7ce6a65d]" started-at="2020-03-24T14:17:37Z" name="addWorkPosition" finished-at="2020-03-24T14:17:37Z" depends-on-methods="test.WorkPositionTest.getWorkPosition" duration-ms="36" status="PASS">
          <reporter-output>
          </reporter-output>
        </test-method> <!-- addWorkPosition -->
        <test-method signature="updateWorkPosition()[pri:0, instance:test.WorkPositionTest@7ce6a65d]" started-at="2020-03-24T14:17:37Z" name="updateWorkPosition" finished-at="2020-03-24T14:17:37Z" depends-on-methods="test.WorkPositionTest.addWorkPosition" duration-ms="34" status="PASS">
          <reporter-output>
          </reporter-output>
        </test-method> <!-- updateWorkPosition -->
        <test-method signature="deleteWorkPosition()[pri:0, instance:test.WorkPositionTest@7ce6a65d]" started-at="2020-03-24T14:17:37Z" name="deleteWorkPosition" finished-at="2020-03-24T14:17:37Z" depends-on-methods="test.WorkPositionTest.updateWorkPosition" duration-ms="38" status="PASS">
          <reporter-output>
          </reporter-output>
        </test-method> <!-- deleteWorkPosition -->
        <test-method is-config="true" signature="closeSession()[pri:0, instance:test.WorkPositionTest@7ce6a65d]" started-at="2020-03-24T14:17:37Z" name="closeSession" finished-at="2020-03-24T14:17:37Z" duration-ms="12" status="PASS">
          <reporter-output>
          </reporter-output>
        </test-method> <!-- closeSession -->
      </class> <!-- test.WorkPositionTest -->
      <class name="test.DepartmentTest">
        <test-method is-config="true" signature="setupSession()[pri:0, instance:test.DepartmentTest@4abdb505]" started-at="2020-03-24T14:17:37Z" name="setupSession" finished-at="2020-03-24T14:17:37Z" duration-ms="266" status="PASS">
          <reporter-output>
          </reporter-output>
        </test-method> <!-- setupSession -->
        <test-method is-config="true" signature="setDAO()[pri:0, instance:test.DepartmentTest@4abdb505]" started-at="2020-03-24T14:17:37Z" name="setDAO" finished-at="2020-03-24T14:17:37Z" depends-on-methods="test.GenericTest.setupSession" duration-ms="0" status="PASS">
          <reporter-output>
          </reporter-output>
        </test-method> <!-- setDAO -->
        <test-method signature="getDepartment()[pri:0, instance:test.DepartmentTest@4abdb505]" started-at="2020-03-24T14:17:37Z" name="getDepartment" finished-at="2020-03-24T14:17:37Z" duration-ms="21" status="PASS">
          <reporter-output>
          </reporter-output>
        </test-method> <!-- getDepartment -->
        <test-method signature="addDepartment()[pri:0, instance:test.DepartmentTest@4abdb505]" started-at="2020-03-24T14:17:37Z" name="addDepartment" finished-at="2020-03-24T14:17:37Z" depends-on-methods="test.DepartmentTest.getDepartment" duration-ms="39" status="PASS">
          <reporter-output>
          </reporter-output>
        </test-method> <!-- addDepartment -->
        <test-method signature="updateDepartment()[pri:0, instance:test.DepartmentTest@4abdb505]" started-at="2020-03-24T14:17:37Z" name="updateDepartment" finished-at="2020-03-24T14:17:37Z" depends-on-methods="test.DepartmentTest.addDepartment" duration-ms="16" status="PASS">
          <reporter-output>
          </reporter-output>
        </test-method> <!-- updateDepartment -->
        <test-method signature="deleteDepartment()[pri:0, instance:test.DepartmentTest@4abdb505]" started-at="2020-03-24T14:17:37Z" name="deleteDepartment" finished-at="2020-03-24T14:17:37Z" depends-on-methods="test.DepartmentTest.updateDepartment" duration-ms="3" status="PASS">
          <reporter-output>
          </reporter-output>
        </test-method> <!-- deleteDepartment -->
        <test-method is-config="true" signature="closeSession()[pri:0, instance:test.DepartmentTest@4abdb505]" started-at="2020-03-24T14:17:37Z" name="closeSession" finished-at="2020-03-24T14:17:37Z" duration-ms="2" status="PASS">
          <reporter-output>
          </reporter-output>
        </test-method> <!-- closeSession -->
      </class> <!-- test.DepartmentTest -->
    </test> <!-- PersonnelTest -->
  </suite> <!-- PersonnelSuite -->
</testng-results>
